Pig Stack Trace
---------------
ERROR 1039: <line 8, column 38> In alias filtered2, incompatible types in Equal Operator left hand side:boolean right hand side:chararray

org.apache.pig.impl.logicalLayer.validators.TypeCheckerException: ERROR 1039: <line 8, column 38> In alias filtered2, incompatible types in Equal Operator left hand side:boolean right hand side:chararray
	at org.apache.pig.newplan.logical.visitor.TypeCheckingExpVisitor.throwIncompatibleTypeError(TypeCheckingExpVisitor.java:428)
	at org.apache.pig.newplan.logical.visitor.TypeCheckingExpVisitor.addCastsToCompareBinaryExp(TypeCheckingExpVisitor.java:415)
	at org.apache.pig.newplan.logical.visitor.TypeCheckingExpVisitor.visit(TypeCheckingExpVisitor.java:337)
	at org.apache.pig.newplan.logical.expression.EqualExpression.accept(EqualExpression.java:55)
	at org.apache.pig.newplan.ReverseDependencyOrderWalker.walk(ReverseDependencyOrderWalker.java:70)
	at org.apache.pig.newplan.PlanVisitor.visit(PlanVisitor.java:52)
	at org.apache.pig.newplan.logical.visitor.TypeCheckingRelVisitor.visitExpressionPlan(TypeCheckingRelVisitor.java:191)
	at org.apache.pig.newplan.logical.visitor.TypeCheckingRelVisitor.visit(TypeCheckingRelVisitor.java:111)
	at org.apache.pig.newplan.logical.relational.LOFilter.accept(LOFilter.java:79)
	at org.apache.pig.newplan.DependencyOrderWalker.walk(DependencyOrderWalker.java:75)
	at org.apache.pig.newplan.PlanVisitor.visit(PlanVisitor.java:52)
	at org.apache.pig.newplan.logical.relational.LogicalPlan.validate(LogicalPlan.java:192)
	at org.apache.pig.PigServer$Graph.validateQuery(PigServer.java:1793)
	at org.apache.pig.PigServer$Graph.registerQuery(PigServer.java:1765)
	at org.apache.pig.PigServer.registerQuery(PigServer.java:708)
	at org.apache.pig.tools.grunt.GruntParser.processPig(GruntParser.java:1110)
	at org.apache.pig.tools.pigscript.parser.PigScriptParser.parse(PigScriptParser.java:512)
	at org.apache.pig.tools.grunt.GruntParser.parseStopOnError(GruntParser.java:230)
	at org.apache.pig.tools.grunt.GruntParser.parseStopOnError(GruntParser.java:205)
	at org.apache.pig.tools.grunt.Grunt.run(Grunt.java:66)
	at org.apache.pig.Main.run(Main.java:564)
	at org.apache.pig.Main.main(Main.java:175)
	at sun.reflect.NativeMethodAccessorImpl.invoke0(Native Method)
	at sun.reflect.NativeMethodAccessorImpl.invoke(NativeMethodAccessorImpl.java:62)
	at sun.reflect.DelegatingMethodAccessorImpl.invoke(DelegatingMethodAccessorImpl.java:43)
	at java.lang.reflect.Method.invoke(Method.java:498)
	at org.apache.hadoop.util.RunJar.run(RunJar.java:244)
	at org.apache.hadoop.util.RunJar.main(RunJar.java:158)
================================================================================
Pig Stack Trace
---------------
ERROR 1025: <line 11, column 26> Invalid field projection. Projected field [away] does not exist in schema: group:chararray,:double.

org.apache.pig.impl.plan.PlanValidationException: ERROR 1025: <line 11, column 26> Invalid field projection. Projected field [away] does not exist in schema: group:chararray,:double.
	at org.apache.pig.newplan.logical.expression.ProjectExpression.findColNum(ProjectExpression.java:191)
	at org.apache.pig.newplan.logical.expression.ProjectExpression.setColumnNumberFromAlias(ProjectExpression.java:174)
	at org.apache.pig.newplan.logical.visitor.ColumnAliasConversionVisitor$1.visit(ColumnAliasConversionVisitor.java:53)
	at org.apache.pig.newplan.logical.expression.ProjectExpression.accept(ProjectExpression.java:215)
	at org.apache.pig.newplan.DependencyOrderWalker.walk(DependencyOrderWalker.java:75)
	at org.apache.pig.newplan.PlanVisitor.visit(PlanVisitor.java:52)
	at org.apache.pig.newplan.logical.optimizer.AllExpressionVisitor.visitAll(AllExpressionVisitor.java:72)
	at org.apache.pig.newplan.logical.optimizer.AllExpressionVisitor.visit(AllExpressionVisitor.java:95)
	at org.apache.pig.newplan.logical.relational.LOJoin.accept(LOJoin.java:173)
	at org.apache.pig.newplan.DependencyOrderWalker.walk(DependencyOrderWalker.java:75)
	at org.apache.pig.newplan.PlanVisitor.visit(PlanVisitor.java:52)
	at org.apache.pig.newplan.logical.relational.LogicalPlan.validate(LogicalPlan.java:176)
	at org.apache.pig.PigServer$Graph.validateQuery(PigServer.java:1793)
	at org.apache.pig.PigServer$Graph.registerQuery(PigServer.java:1765)
	at org.apache.pig.PigServer.registerQuery(PigServer.java:708)
	at org.apache.pig.tools.grunt.GruntParser.processPig(GruntParser.java:1110)
	at org.apache.pig.tools.pigscript.parser.PigScriptParser.parse(PigScriptParser.java:512)
	at org.apache.pig.tools.grunt.GruntParser.parseStopOnError(GruntParser.java:230)
	at org.apache.pig.tools.grunt.GruntParser.parseStopOnError(GruntParser.java:205)
	at org.apache.pig.tools.grunt.Grunt.run(Grunt.java:66)
	at org.apache.pig.Main.run(Main.java:564)
	at org.apache.pig.Main.main(Main.java:175)
	at sun.reflect.NativeMethodAccessorImpl.invoke0(Native Method)
	at sun.reflect.NativeMethodAccessorImpl.invoke(NativeMethodAccessorImpl.java:62)
	at sun.reflect.DelegatingMethodAccessorImpl.invoke(DelegatingMethodAccessorImpl.java:43)
	at java.lang.reflect.Method.invoke(Method.java:498)
	at org.apache.hadoop.util.RunJar.run(RunJar.java:244)
	at org.apache.hadoop.util.RunJar.main(RunJar.java:158)
================================================================================
Pig Stack Trace
---------------
ERROR 1025: <line 11, column 26> Invalid field projection. Projected field [away] does not exist in schema: group:chararray,:double.

org.apache.pig.impl.plan.PlanValidationException: ERROR 1025: <line 11, column 26> Invalid field projection. Projected field [away] does not exist in schema: group:chararray,:double.
	at org.apache.pig.newplan.logical.expression.ProjectExpression.findColNum(ProjectExpression.java:191)
	at org.apache.pig.newplan.logical.expression.ProjectExpression.setColumnNumberFromAlias(ProjectExpression.java:174)
	at org.apache.pig.newplan.logical.visitor.ColumnAliasConversionVisitor$1.visit(ColumnAliasConversionVisitor.java:53)
	at org.apache.pig.newplan.logical.expression.ProjectExpression.accept(ProjectExpression.java:215)
	at org.apache.pig.newplan.DependencyOrderWalker.walk(DependencyOrderWalker.java:75)
	at org.apache.pig.newplan.PlanVisitor.visit(PlanVisitor.java:52)
	at org.apache.pig.newplan.logical.optimizer.AllExpressionVisitor.visitAll(AllExpressionVisitor.java:72)
	at org.apache.pig.newplan.logical.optimizer.AllExpressionVisitor.visit(AllExpressionVisitor.java:95)
	at org.apache.pig.newplan.logical.relational.LOJoin.accept(LOJoin.java:173)
	at org.apache.pig.newplan.DependencyOrderWalker.walk(DependencyOrderWalker.java:75)
	at org.apache.pig.newplan.PlanVisitor.visit(PlanVisitor.java:52)
	at org.apache.pig.newplan.logical.relational.LogicalPlan.validate(LogicalPlan.java:176)
	at org.apache.pig.PigServer$Graph.validateQuery(PigServer.java:1793)
	at org.apache.pig.PigServer$Graph.registerQuery(PigServer.java:1765)
	at org.apache.pig.PigServer.registerQuery(PigServer.java:708)
	at org.apache.pig.tools.grunt.GruntParser.processPig(GruntParser.java:1110)
	at org.apache.pig.tools.pigscript.parser.PigScriptParser.parse(PigScriptParser.java:512)
	at org.apache.pig.tools.grunt.GruntParser.parseStopOnError(GruntParser.java:230)
	at org.apache.pig.tools.grunt.GruntParser.parseStopOnError(GruntParser.java:205)
	at org.apache.pig.tools.grunt.Grunt.run(Grunt.java:66)
	at org.apache.pig.Main.run(Main.java:564)
	at org.apache.pig.Main.main(Main.java:175)
	at sun.reflect.NativeMethodAccessorImpl.invoke0(Native Method)
	at sun.reflect.NativeMethodAccessorImpl.invoke(NativeMethodAccessorImpl.java:62)
	at sun.reflect.DelegatingMethodAccessorImpl.invoke(DelegatingMethodAccessorImpl.java:43)
	at java.lang.reflect.Method.invoke(Method.java:498)
	at org.apache.hadoop.util.RunJar.run(RunJar.java:244)
	at org.apache.hadoop.util.RunJar.main(RunJar.java:158)
================================================================================
Pig Stack Trace
---------------
ERROR 1025: <line 11, column 26> Invalid field projection. Projected field [away] does not exist in schema: group:chararray,:double.

org.apache.pig.impl.plan.PlanValidationException: ERROR 1025: <line 11, column 26> Invalid field projection. Projected field [away] does not exist in schema: group:chararray,:double.
	at org.apache.pig.newplan.logical.expression.ProjectExpression.findColNum(ProjectExpression.java:191)
	at org.apache.pig.newplan.logical.expression.ProjectExpression.setColumnNumberFromAlias(ProjectExpression.java:174)
	at org.apache.pig.newplan.logical.visitor.ColumnAliasConversionVisitor$1.visit(ColumnAliasConversionVisitor.java:53)
	at org.apache.pig.newplan.logical.expression.ProjectExpression.accept(ProjectExpression.java:215)
	at org.apache.pig.newplan.DependencyOrderWalker.walk(DependencyOrderWalker.java:75)
	at org.apache.pig.newplan.PlanVisitor.visit(PlanVisitor.java:52)
	at org.apache.pig.newplan.logical.optimizer.AllExpressionVisitor.visitAll(AllExpressionVisitor.java:72)
	at org.apache.pig.newplan.logical.optimizer.AllExpressionVisitor.visit(AllExpressionVisitor.java:95)
	at org.apache.pig.newplan.logical.relational.LOJoin.accept(LOJoin.java:173)
	at org.apache.pig.newplan.DependencyOrderWalker.walk(DependencyOrderWalker.java:75)
	at org.apache.pig.newplan.PlanVisitor.visit(PlanVisitor.java:52)
	at org.apache.pig.newplan.logical.relational.LogicalPlan.validate(LogicalPlan.java:176)
	at org.apache.pig.PigServer$Graph.validateQuery(PigServer.java:1793)
	at org.apache.pig.PigServer$Graph.registerQuery(PigServer.java:1765)
	at org.apache.pig.PigServer.registerQuery(PigServer.java:708)
	at org.apache.pig.tools.grunt.GruntParser.processPig(GruntParser.java:1110)
	at org.apache.pig.tools.pigscript.parser.PigScriptParser.parse(PigScriptParser.java:512)
	at org.apache.pig.tools.grunt.GruntParser.parseStopOnError(GruntParser.java:230)
	at org.apache.pig.tools.grunt.GruntParser.parseStopOnError(GruntParser.java:205)
	at org.apache.pig.tools.grunt.Grunt.run(Grunt.java:66)
	at org.apache.pig.Main.run(Main.java:564)
	at org.apache.pig.Main.main(Main.java:175)
	at sun.reflect.NativeMethodAccessorImpl.invoke0(Native Method)
	at sun.reflect.NativeMethodAccessorImpl.invoke(NativeMethodAccessorImpl.java:62)
	at sun.reflect.DelegatingMethodAccessorImpl.invoke(DelegatingMethodAccessorImpl.java:43)
	at java.lang.reflect.Method.invoke(Method.java:498)
	at org.apache.hadoop.util.RunJar.run(RunJar.java:244)
	at org.apache.hadoop.util.RunJar.main(RunJar.java:158)
================================================================================
Pig Stack Trace
---------------
ERROR 1000: Error during parsing. Encountered " <IDENTIFIER> "JOIN "" at line 14, column 1.
Was expecting one of:
    <EOF> 
    "cat" ...
    "clear" ...
    "fs" ...
    "sh" ...
    "cd" ...
    "cp" ...
    "copyFromLocal" ...
    "copyToLocal" ...
    "dump" ...
    "\\d" ...
    "describe" ...
    "\\de" ...
    "aliases" ...
    "explain" ...
    "\\e" ...
    "help" ...
    "history" ...
    "kill" ...
    "ls" ...
    "mv" ...
    "mkdir" ...
    "pwd" ...
    "quit" ...
    "\\q" ...
    "register" ...
    "rm" ...
    "rmf" ...
    "set" ...
    "illustrate" ...
    "\\i" ...
    "run" ...
    "exec" ...
    "%default" ...
    "%declare" ...
    "scriptDone" ...
    "" ...
    "" ...
    <EOL> ...
    ";" ...
    

org.apache.pig.tools.pigscript.parser.ParseException: Encountered " <IDENTIFIER> "JOIN "" at line 14, column 1.
Was expecting one of:
    <EOF> 
    "cat" ...
    "clear" ...
    "fs" ...
    "sh" ...
    "cd" ...
    "cp" ...
    "copyFromLocal" ...
    "copyToLocal" ...
    "dump" ...
    "\\d" ...
    "describe" ...
    "\\de" ...
    "aliases" ...
    "explain" ...
    "\\e" ...
    "help" ...
    "history" ...
    "kill" ...
    "ls" ...
    "mv" ...
    "mkdir" ...
    "pwd" ...
    "quit" ...
    "\\q" ...
    "register" ...
    "rm" ...
    "rmf" ...
    "set" ...
    "illustrate" ...
    "\\i" ...
    "run" ...
    "exec" ...
    "%default" ...
    "%declare" ...
    "scriptDone" ...
    "" ...
    "" ...
    <EOL> ...
    ";" ...
    
	at org.apache.pig.tools.pigscript.parser.PigScriptParser.generateParseException(PigScriptParser.java:1560)
	at org.apache.pig.tools.pigscript.parser.PigScriptParser.handle_invalid_command(PigScriptParser.java:1368)
	at org.apache.pig.tools.pigscript.parser.PigScriptParser.parse(PigScriptParser.java:733)
	at org.apache.pig.tools.grunt.GruntParser.parseStopOnError(GruntParser.java:230)
	at org.apache.pig.tools.grunt.GruntParser.parseStopOnError(GruntParser.java:205)
	at org.apache.pig.tools.grunt.Grunt.run(Grunt.java:66)
	at org.apache.pig.Main.run(Main.java:564)
	at org.apache.pig.Main.main(Main.java:175)
	at sun.reflect.NativeMethodAccessorImpl.invoke0(Native Method)
	at sun.reflect.NativeMethodAccessorImpl.invoke(NativeMethodAccessorImpl.java:62)
	at sun.reflect.DelegatingMethodAccessorImpl.invoke(DelegatingMethodAccessorImpl.java:43)
	at java.lang.reflect.Method.invoke(Method.java:498)
	at org.apache.hadoop.util.RunJar.run(RunJar.java:244)
	at org.apache.hadoop.util.RunJar.main(RunJar.java:158)
================================================================================
Pig Stack Trace
---------------
ERROR 1000: Error during parsing. Encountered " <IDENTIFIER> "JOIN "" at line 7, column 1.
Was expecting one of:
    <EOF> 
    "cat" ...
    "clear" ...
    "fs" ...
    "sh" ...
    "cd" ...
    "cp" ...
    "copyFromLocal" ...
    "copyToLocal" ...
    "dump" ...
    "\\d" ...
    "describe" ...
    "\\de" ...
    "aliases" ...
    "explain" ...
    "\\e" ...
    "help" ...
    "history" ...
    "kill" ...
    "ls" ...
    "mv" ...
    "mkdir" ...
    "pwd" ...
    "quit" ...
    "\\q" ...
    "register" ...
    "rm" ...
    "rmf" ...
    "set" ...
    "illustrate" ...
    "\\i" ...
    "run" ...
    "exec" ...
    "%default" ...
    "%declare" ...
    "scriptDone" ...
    "" ...
    "" ...
    <EOL> ...
    ";" ...
    

org.apache.pig.tools.pigscript.parser.ParseException: Encountered " <IDENTIFIER> "JOIN "" at line 7, column 1.
Was expecting one of:
    <EOF> 
    "cat" ...
    "clear" ...
    "fs" ...
    "sh" ...
    "cd" ...
    "cp" ...
    "copyFromLocal" ...
    "copyToLocal" ...
    "dump" ...
    "\\d" ...
    "describe" ...
    "\\de" ...
    "aliases" ...
    "explain" ...
    "\\e" ...
    "help" ...
    "history" ...
    "kill" ...
    "ls" ...
    "mv" ...
    "mkdir" ...
    "pwd" ...
    "quit" ...
    "\\q" ...
    "register" ...
    "rm" ...
    "rmf" ...
    "set" ...
    "illustrate" ...
    "\\i" ...
    "run" ...
    "exec" ...
    "%default" ...
    "%declare" ...
    "scriptDone" ...
    "" ...
    "" ...
    <EOL> ...
    ";" ...
    
	at org.apache.pig.tools.pigscript.parser.PigScriptParser.generateParseException(PigScriptParser.java:1560)
	at org.apache.pig.tools.pigscript.parser.PigScriptParser.handle_invalid_command(PigScriptParser.java:1368)
	at org.apache.pig.tools.pigscript.parser.PigScriptParser.parse(PigScriptParser.java:733)
	at org.apache.pig.tools.grunt.GruntParser.parseStopOnError(GruntParser.java:230)
	at org.apache.pig.tools.grunt.GruntParser.parseStopOnError(GruntParser.java:205)
	at org.apache.pig.tools.grunt.Grunt.run(Grunt.java:66)
	at org.apache.pig.Main.run(Main.java:564)
	at org.apache.pig.Main.main(Main.java:175)
	at sun.reflect.NativeMethodAccessorImpl.invoke0(Native Method)
	at sun.reflect.NativeMethodAccessorImpl.invoke(NativeMethodAccessorImpl.java:62)
	at sun.reflect.DelegatingMethodAccessorImpl.invoke(DelegatingMethodAccessorImpl.java:43)
	at java.lang.reflect.Method.invoke(Method.java:498)
	at org.apache.hadoop.util.RunJar.run(RunJar.java:244)
	at org.apache.hadoop.util.RunJar.main(RunJar.java:158)
================================================================================
Pig Stack Trace
---------------
ERROR 1025: <line 11, column 26> Invalid field projection. Projected field [away] does not exist in schema: group:chararray,:double.

org.apache.pig.impl.plan.PlanValidationException: ERROR 1025: <line 11, column 26> Invalid field projection. Projected field [away] does not exist in schema: group:chararray,:double.
	at org.apache.pig.newplan.logical.expression.ProjectExpression.findColNum(ProjectExpression.java:191)
	at org.apache.pig.newplan.logical.expression.ProjectExpression.setColumnNumberFromAlias(ProjectExpression.java:174)
	at org.apache.pig.newplan.logical.visitor.ColumnAliasConversionVisitor$1.visit(ColumnAliasConversionVisitor.java:53)
	at org.apache.pig.newplan.logical.expression.ProjectExpression.accept(ProjectExpression.java:215)
	at org.apache.pig.newplan.DependencyOrderWalker.walk(DependencyOrderWalker.java:75)
	at org.apache.pig.newplan.PlanVisitor.visit(PlanVisitor.java:52)
	at org.apache.pig.newplan.logical.optimizer.AllExpressionVisitor.visitAll(AllExpressionVisitor.java:72)
	at org.apache.pig.newplan.logical.optimizer.AllExpressionVisitor.visit(AllExpressionVisitor.java:95)
	at org.apache.pig.newplan.logical.relational.LOJoin.accept(LOJoin.java:173)
	at org.apache.pig.newplan.DependencyOrderWalker.walk(DependencyOrderWalker.java:75)
	at org.apache.pig.newplan.PlanVisitor.visit(PlanVisitor.java:52)
	at org.apache.pig.newplan.logical.relational.LogicalPlan.validate(LogicalPlan.java:176)
	at org.apache.pig.PigServer$Graph.validateQuery(PigServer.java:1793)
	at org.apache.pig.PigServer$Graph.registerQuery(PigServer.java:1765)
	at org.apache.pig.PigServer.registerQuery(PigServer.java:708)
	at org.apache.pig.tools.grunt.GruntParser.processPig(GruntParser.java:1110)
	at org.apache.pig.tools.pigscript.parser.PigScriptParser.parse(PigScriptParser.java:512)
	at org.apache.pig.tools.grunt.GruntParser.parseStopOnError(GruntParser.java:230)
	at org.apache.pig.tools.grunt.GruntParser.parseStopOnError(GruntParser.java:205)
	at org.apache.pig.tools.grunt.Grunt.run(Grunt.java:66)
	at org.apache.pig.Main.run(Main.java:564)
	at org.apache.pig.Main.main(Main.java:175)
	at sun.reflect.NativeMethodAccessorImpl.invoke0(Native Method)
	at sun.reflect.NativeMethodAccessorImpl.invoke(NativeMethodAccessorImpl.java:62)
	at sun.reflect.DelegatingMethodAccessorImpl.invoke(DelegatingMethodAccessorImpl.java:43)
	at java.lang.reflect.Method.invoke(Method.java:498)
	at org.apache.hadoop.util.RunJar.run(RunJar.java:244)
	at org.apache.hadoop.util.RunJar.main(RunJar.java:158)
================================================================================
Pig Stack Trace
---------------
ERROR 1000: Error during parsing. Encountered " <IDENTIFIER> "schema "" at line 1, column 1.
Was expecting one of:
    <EOF> 
    "cat" ...
    "clear" ...
    "fs" ...
    "sh" ...
    "cd" ...
    "cp" ...
    "copyFromLocal" ...
    "copyToLocal" ...
    "dump" ...
    "\\d" ...
    "describe" ...
    "\\de" ...
    "aliases" ...
    "explain" ...
    "\\e" ...
    "help" ...
    "history" ...
    "kill" ...
    "ls" ...
    "mv" ...
    "mkdir" ...
    "pwd" ...
    "quit" ...
    "\\q" ...
    "register" ...
    "rm" ...
    "rmf" ...
    "set" ...
    "illustrate" ...
    "\\i" ...
    "run" ...
    "exec" ...
    "%default" ...
    "%declare" ...
    "scriptDone" ...
    "" ...
    "" ...
    <EOL> ...
    ";" ...
    

org.apache.pig.tools.pigscript.parser.ParseException: Encountered " <IDENTIFIER> "schema "" at line 1, column 1.
Was expecting one of:
    <EOF> 
    "cat" ...
    "clear" ...
    "fs" ...
    "sh" ...
    "cd" ...
    "cp" ...
    "copyFromLocal" ...
    "copyToLocal" ...
    "dump" ...
    "\\d" ...
    "describe" ...
    "\\de" ...
    "aliases" ...
    "explain" ...
    "\\e" ...
    "help" ...
    "history" ...
    "kill" ...
    "ls" ...
    "mv" ...
    "mkdir" ...
    "pwd" ...
    "quit" ...
    "\\q" ...
    "register" ...
    "rm" ...
    "rmf" ...
    "set" ...
    "illustrate" ...
    "\\i" ...
    "run" ...
    "exec" ...
    "%default" ...
    "%declare" ...
    "scriptDone" ...
    "" ...
    "" ...
    <EOL> ...
    ";" ...
    
	at org.apache.pig.tools.pigscript.parser.PigScriptParser.generateParseException(PigScriptParser.java:1560)
	at org.apache.pig.tools.pigscript.parser.PigScriptParser.handle_invalid_command(PigScriptParser.java:1368)
	at org.apache.pig.tools.pigscript.parser.PigScriptParser.parse(PigScriptParser.java:733)
	at org.apache.pig.tools.grunt.GruntParser.parseStopOnError(GruntParser.java:230)
	at org.apache.pig.tools.grunt.GruntParser.parseStopOnError(GruntParser.java:205)
	at org.apache.pig.tools.grunt.Grunt.run(Grunt.java:66)
	at org.apache.pig.Main.run(Main.java:564)
	at org.apache.pig.Main.main(Main.java:175)
	at sun.reflect.NativeMethodAccessorImpl.invoke0(Native Method)
	at sun.reflect.NativeMethodAccessorImpl.invoke(NativeMethodAccessorImpl.java:62)
	at sun.reflect.DelegatingMethodAccessorImpl.invoke(DelegatingMethodAccessorImpl.java:43)
	at java.lang.reflect.Method.invoke(Method.java:498)
	at org.apache.hadoop.util.RunJar.run(RunJar.java:244)
	at org.apache.hadoop.util.RunJar.main(RunJar.java:158)
================================================================================
Pig Stack Trace
---------------
ERROR 1025: <line 11, column 26> Invalid field projection. Projected field [away] does not exist in schema: group:chararray,:double.

org.apache.pig.impl.plan.PlanValidationException: ERROR 1025: <line 11, column 26> Invalid field projection. Projected field [away] does not exist in schema: group:chararray,:double.
	at org.apache.pig.newplan.logical.expression.ProjectExpression.findColNum(ProjectExpression.java:191)
	at org.apache.pig.newplan.logical.expression.ProjectExpression.setColumnNumberFromAlias(ProjectExpression.java:174)
	at org.apache.pig.newplan.logical.visitor.ColumnAliasConversionVisitor$1.visit(ColumnAliasConversionVisitor.java:53)
	at org.apache.pig.newplan.logical.expression.ProjectExpression.accept(ProjectExpression.java:215)
	at org.apache.pig.newplan.DependencyOrderWalker.walk(DependencyOrderWalker.java:75)
	at org.apache.pig.newplan.PlanVisitor.visit(PlanVisitor.java:52)
	at org.apache.pig.newplan.logical.optimizer.AllExpressionVisitor.visitAll(AllExpressionVisitor.java:72)
	at org.apache.pig.newplan.logical.optimizer.AllExpressionVisitor.visit(AllExpressionVisitor.java:95)
	at org.apache.pig.newplan.logical.relational.LOJoin.accept(LOJoin.java:173)
	at org.apache.pig.newplan.DependencyOrderWalker.walk(DependencyOrderWalker.java:75)
	at org.apache.pig.newplan.PlanVisitor.visit(PlanVisitor.java:52)
	at org.apache.pig.newplan.logical.relational.LogicalPlan.validate(LogicalPlan.java:176)
	at org.apache.pig.PigServer$Graph.validateQuery(PigServer.java:1793)
	at org.apache.pig.PigServer$Graph.registerQuery(PigServer.java:1765)
	at org.apache.pig.PigServer.registerQuery(PigServer.java:708)
	at org.apache.pig.tools.grunt.GruntParser.processPig(GruntParser.java:1110)
	at org.apache.pig.tools.pigscript.parser.PigScriptParser.parse(PigScriptParser.java:512)
	at org.apache.pig.tools.grunt.GruntParser.parseStopOnError(GruntParser.java:230)
	at org.apache.pig.tools.grunt.GruntParser.parseStopOnError(GruntParser.java:205)
	at org.apache.pig.tools.grunt.Grunt.run(Grunt.java:66)
	at org.apache.pig.Main.run(Main.java:564)
	at org.apache.pig.Main.main(Main.java:175)
	at sun.reflect.NativeMethodAccessorImpl.invoke0(Native Method)
	at sun.reflect.NativeMethodAccessorImpl.invoke(NativeMethodAccessorImpl.java:62)
	at sun.reflect.DelegatingMethodAccessorImpl.invoke(DelegatingMethodAccessorImpl.java:43)
	at java.lang.reflect.Method.invoke(Method.java:498)
	at org.apache.hadoop.util.RunJar.run(RunJar.java:244)
	at org.apache.hadoop.util.RunJar.main(RunJar.java:158)
================================================================================
Pig Stack Trace
---------------
ERROR 1000: Error during parsing. Encountered " <PATH> "??? "" at line 128, column 1.
Was expecting one of:
    <EOF> 
    "cat" ...
    "clear" ...
    "fs" ...
    "sh" ...
    "cd" ...
    "cp" ...
    "copyFromLocal" ...
    "copyToLocal" ...
    "dump" ...
    "\\d" ...
    "describe" ...
    "\\de" ...
    "aliases" ...
    "explain" ...
    "\\e" ...
    "help" ...
    "history" ...
    "kill" ...
    "ls" ...
    "mv" ...
    "mkdir" ...
    "pwd" ...
    "quit" ...
    "\\q" ...
    "register" ...
    "rm" ...
    "rmf" ...
    "set" ...
    "illustrate" ...
    "\\i" ...
    "run" ...
    "exec" ...
    "%default" ...
    "%declare" ...
    "scriptDone" ...
    "" ...
    "" ...
    <EOL> ...
    ";" ...
    

org.apache.pig.tools.pigscript.parser.ParseException: Encountered " <PATH> "??? "" at line 128, column 1.
Was expecting one of:
    <EOF> 
    "cat" ...
    "clear" ...
    "fs" ...
    "sh" ...
    "cd" ...
    "cp" ...
    "copyFromLocal" ...
    "copyToLocal" ...
    "dump" ...
    "\\d" ...
    "describe" ...
    "\\de" ...
    "aliases" ...
    "explain" ...
    "\\e" ...
    "help" ...
    "history" ...
    "kill" ...
    "ls" ...
    "mv" ...
    "mkdir" ...
    "pwd" ...
    "quit" ...
    "\\q" ...
    "register" ...
    "rm" ...
    "rmf" ...
    "set" ...
    "illustrate" ...
    "\\i" ...
    "run" ...
    "exec" ...
    "%default" ...
    "%declare" ...
    "scriptDone" ...
    "" ...
    "" ...
    <EOL> ...
    ";" ...
    
	at org.apache.pig.tools.pigscript.parser.PigScriptParser.generateParseException(PigScriptParser.java:1560)
	at org.apache.pig.tools.pigscript.parser.PigScriptParser.handle_invalid_command(PigScriptParser.java:1368)
	at org.apache.pig.tools.pigscript.parser.PigScriptParser.parse(PigScriptParser.java:733)
	at org.apache.pig.tools.grunt.GruntParser.parseStopOnError(GruntParser.java:230)
	at org.apache.pig.tools.grunt.GruntParser.parseStopOnError(GruntParser.java:205)
	at org.apache.pig.tools.grunt.Grunt.run(Grunt.java:66)
	at org.apache.pig.Main.run(Main.java:564)
	at org.apache.pig.Main.main(Main.java:175)
	at sun.reflect.NativeMethodAccessorImpl.invoke0(Native Method)
	at sun.reflect.NativeMethodAccessorImpl.invoke(NativeMethodAccessorImpl.java:62)
	at sun.reflect.DelegatingMethodAccessorImpl.invoke(DelegatingMethodAccessorImpl.java:43)
	at java.lang.reflect.Method.invoke(Method.java:498)
	at org.apache.hadoop.util.RunJar.run(RunJar.java:244)
	at org.apache.hadoop.util.RunJar.main(RunJar.java:158)
================================================================================
Pig Stack Trace
---------------
ERROR 1000: Error during parsing. Encountered " <PATH> "??? "" at line 1, column 1.
Was expecting one of:
    <EOF> 
    "cat" ...
    "clear" ...
    "fs" ...
    "sh" ...
    "cd" ...
    "cp" ...
    "copyFromLocal" ...
    "copyToLocal" ...
    "dump" ...
    "\\d" ...
    "describe" ...
    "\\de" ...
    "aliases" ...
    "explain" ...
    "\\e" ...
    "help" ...
    "history" ...
    "kill" ...
    "ls" ...
    "mv" ...
    "mkdir" ...
    "pwd" ...
    "quit" ...
    "\\q" ...
    "register" ...
    "rm" ...
    "rmf" ...
    "set" ...
    "illustrate" ...
    "\\i" ...
    "run" ...
    "exec" ...
    "%default" ...
    "%declare" ...
    "scriptDone" ...
    "" ...
    "" ...
    <EOL> ...
    ";" ...
    

org.apache.pig.tools.pigscript.parser.ParseException: Encountered " <PATH> "??? "" at line 1, column 1.
Was expecting one of:
    <EOF> 
    "cat" ...
    "clear" ...
    "fs" ...
    "sh" ...
    "cd" ...
    "cp" ...
    "copyFromLocal" ...
    "copyToLocal" ...
    "dump" ...
    "\\d" ...
    "describe" ...
    "\\de" ...
    "aliases" ...
    "explain" ...
    "\\e" ...
    "help" ...
    "history" ...
    "kill" ...
    "ls" ...
    "mv" ...
    "mkdir" ...
    "pwd" ...
    "quit" ...
    "\\q" ...
    "register" ...
    "rm" ...
    "rmf" ...
    "set" ...
    "illustrate" ...
    "\\i" ...
    "run" ...
    "exec" ...
    "%default" ...
    "%declare" ...
    "scriptDone" ...
    "" ...
    "" ...
    <EOL> ...
    ";" ...
    
	at org.apache.pig.tools.pigscript.parser.PigScriptParser.generateParseException(PigScriptParser.java:1560)
	at org.apache.pig.tools.pigscript.parser.PigScriptParser.handle_invalid_command(PigScriptParser.java:1368)
	at org.apache.pig.tools.pigscript.parser.PigScriptParser.parse(PigScriptParser.java:733)
	at org.apache.pig.tools.grunt.GruntParser.parseStopOnError(GruntParser.java:230)
	at org.apache.pig.tools.grunt.GruntParser.parseStopOnError(GruntParser.java:205)
	at org.apache.pig.tools.grunt.Grunt.run(Grunt.java:66)
	at org.apache.pig.Main.run(Main.java:564)
	at org.apache.pig.Main.main(Main.java:175)
	at sun.reflect.NativeMethodAccessorImpl.invoke0(Native Method)
	at sun.reflect.NativeMethodAccessorImpl.invoke(NativeMethodAccessorImpl.java:62)
	at sun.reflect.DelegatingMethodAccessorImpl.invoke(DelegatingMethodAccessorImpl.java:43)
	at java.lang.reflect.Method.invoke(Method.java:498)
	at org.apache.hadoop.util.RunJar.run(RunJar.java:244)
	at org.apache.hadoop.util.RunJar.main(RunJar.java:158)
================================================================================
Pig Stack Trace
---------------
ERROR 1045: <line 31, column 40> Could not infer the matching function for org.apache.pig.builtin.COUNT as multiple or none of them fit. Please use an explicit cast.

org.apache.pig.impl.logicalLayer.validators.TypeCheckerException: ERROR 1059: <line 31, column 8> Problem while reconciling output schema of ForEach
	at org.apache.pig.newplan.logical.visitor.TypeCheckingRelVisitor.throwTypeCheckerException(TypeCheckingRelVisitor.java:142)
	at org.apache.pig.newplan.logical.visitor.TypeCheckingRelVisitor.visit(TypeCheckingRelVisitor.java:182)
	at org.apache.pig.newplan.logical.relational.LOForEach.accept(LOForEach.java:87)
	at org.apache.pig.newplan.DependencyOrderWalker.walk(DependencyOrderWalker.java:75)
	at org.apache.pig.newplan.PlanVisitor.visit(PlanVisitor.java:52)
	at org.apache.pig.newplan.logical.relational.LogicalPlan.validate(LogicalPlan.java:192)
	at org.apache.pig.PigServer$Graph.validateQuery(PigServer.java:1793)
	at org.apache.pig.PigServer$Graph.registerQuery(PigServer.java:1765)
	at org.apache.pig.PigServer.registerQuery(PigServer.java:708)
	at org.apache.pig.tools.grunt.GruntParser.processPig(GruntParser.java:1110)
	at org.apache.pig.tools.pigscript.parser.PigScriptParser.parse(PigScriptParser.java:512)
	at org.apache.pig.tools.grunt.GruntParser.parseStopOnError(GruntParser.java:230)
	at org.apache.pig.tools.grunt.GruntParser.parseStopOnError(GruntParser.java:205)
	at org.apache.pig.tools.grunt.Grunt.run(Grunt.java:66)
	at org.apache.pig.Main.run(Main.java:564)
	at org.apache.pig.Main.main(Main.java:175)
	at sun.reflect.NativeMethodAccessorImpl.invoke0(Native Method)
	at sun.reflect.NativeMethodAccessorImpl.invoke(NativeMethodAccessorImpl.java:62)
	at sun.reflect.DelegatingMethodAccessorImpl.invoke(DelegatingMethodAccessorImpl.java:43)
	at java.lang.reflect.Method.invoke(Method.java:498)
	at org.apache.hadoop.util.RunJar.run(RunJar.java:244)
	at org.apache.hadoop.util.RunJar.main(RunJar.java:158)
Caused by: org.apache.pig.impl.logicalLayer.validators.TypeCheckerException: ERROR 1045: <line 31, column 40> Could not infer the matching function for org.apache.pig.builtin.COUNT as multiple or none of them fit. Please use an explicit cast.
	at org.apache.pig.newplan.logical.visitor.TypeCheckingExpVisitor.visit(TypeCheckingExpVisitor.java:789)
	at org.apache.pig.newplan.logical.expression.UserFuncExpression.accept(UserFuncExpression.java:113)
	at org.apache.pig.newplan.ReverseDependencyOrderWalker.walk(ReverseDependencyOrderWalker.java:70)
	at org.apache.pig.newplan.PlanVisitor.visit(PlanVisitor.java:52)
	at org.apache.pig.newplan.logical.visitor.TypeCheckingRelVisitor.visitExpressionPlan(TypeCheckingRelVisitor.java:191)
	at org.apache.pig.newplan.logical.visitor.TypeCheckingRelVisitor.visit(TypeCheckingRelVisitor.java:157)
	at org.apache.pig.newplan.logical.relational.LOGenerate.accept(LOGenerate.java:252)
	at org.apache.pig.newplan.DependencyOrderWalker.walk(DependencyOrderWalker.java:75)
	at org.apache.pig.newplan.PlanVisitor.visit(PlanVisitor.java:52)
	at org.apache.pig.newplan.logical.visitor.TypeCheckingRelVisitor.visit(TypeCheckingRelVisitor.java:174)
	... 20 more
================================================================================
Pig Stack Trace
---------------
ERROR 1045: <line 31, column 42> Could not infer the matching function for org.apache.pig.builtin.COUNT as multiple or none of them fit. Please use an explicit cast.

org.apache.pig.impl.logicalLayer.validators.TypeCheckerException: ERROR 1059: <line 31, column 9> Problem while reconciling output schema of ForEach
	at org.apache.pig.newplan.logical.visitor.TypeCheckingRelVisitor.throwTypeCheckerException(TypeCheckingRelVisitor.java:142)
	at org.apache.pig.newplan.logical.visitor.TypeCheckingRelVisitor.visit(TypeCheckingRelVisitor.java:182)
	at org.apache.pig.newplan.logical.relational.LOForEach.accept(LOForEach.java:87)
	at org.apache.pig.newplan.DependencyOrderWalker.walk(DependencyOrderWalker.java:75)
	at org.apache.pig.newplan.PlanVisitor.visit(PlanVisitor.java:52)
	at org.apache.pig.newplan.logical.relational.LogicalPlan.validate(LogicalPlan.java:192)
	at org.apache.pig.PigServer$Graph.validateQuery(PigServer.java:1793)
	at org.apache.pig.PigServer$Graph.registerQuery(PigServer.java:1765)
	at org.apache.pig.PigServer.registerQuery(PigServer.java:708)
	at org.apache.pig.tools.grunt.GruntParser.processPig(GruntParser.java:1110)
	at org.apache.pig.tools.pigscript.parser.PigScriptParser.parse(PigScriptParser.java:512)
	at org.apache.pig.tools.grunt.GruntParser.parseStopOnError(GruntParser.java:230)
	at org.apache.pig.tools.grunt.GruntParser.parseStopOnError(GruntParser.java:205)
	at org.apache.pig.tools.grunt.Grunt.run(Grunt.java:66)
	at org.apache.pig.Main.run(Main.java:564)
	at org.apache.pig.Main.main(Main.java:175)
	at sun.reflect.NativeMethodAccessorImpl.invoke0(Native Method)
	at sun.reflect.NativeMethodAccessorImpl.invoke(NativeMethodAccessorImpl.java:62)
	at sun.reflect.DelegatingMethodAccessorImpl.invoke(DelegatingMethodAccessorImpl.java:43)
	at java.lang.reflect.Method.invoke(Method.java:498)
	at org.apache.hadoop.util.RunJar.run(RunJar.java:244)
	at org.apache.hadoop.util.RunJar.main(RunJar.java:158)
Caused by: org.apache.pig.impl.logicalLayer.validators.TypeCheckerException: ERROR 1045: <line 31, column 42> Could not infer the matching function for org.apache.pig.builtin.COUNT as multiple or none of them fit. Please use an explicit cast.
	at org.apache.pig.newplan.logical.visitor.TypeCheckingExpVisitor.visit(TypeCheckingExpVisitor.java:789)
	at org.apache.pig.newplan.logical.expression.UserFuncExpression.accept(UserFuncExpression.java:113)
	at org.apache.pig.newplan.ReverseDependencyOrderWalker.walk(ReverseDependencyOrderWalker.java:70)
	at org.apache.pig.newplan.PlanVisitor.visit(PlanVisitor.java:52)
	at org.apache.pig.newplan.logical.visitor.TypeCheckingRelVisitor.visitExpressionPlan(TypeCheckingRelVisitor.java:191)
	at org.apache.pig.newplan.logical.visitor.TypeCheckingRelVisitor.visit(TypeCheckingRelVisitor.java:157)
	at org.apache.pig.newplan.logical.relational.LOGenerate.accept(LOGenerate.java:252)
	at org.apache.pig.newplan.DependencyOrderWalker.walk(DependencyOrderWalker.java:75)
	at org.apache.pig.newplan.PlanVisitor.visit(PlanVisitor.java:52)
	at org.apache.pig.newplan.logical.visitor.TypeCheckingRelVisitor.visit(TypeCheckingRelVisitor.java:174)
	... 20 more
================================================================================
Pig Stack Trace
---------------
ERROR 1200: Pig script failed to parse: <line 31, column 14> Undefined alias: count

Failed to parse: Pig script failed to parse: <line 31, column 14> Undefined alias: count
	at org.apache.pig.parser.QueryParserDriver.parse(QueryParserDriver.java:199)
	at org.apache.pig.PigServer$Graph.validateQuery(PigServer.java:1792)
	at org.apache.pig.PigServer$Graph.registerQuery(PigServer.java:1765)
	at org.apache.pig.PigServer.registerQuery(PigServer.java:708)
	at org.apache.pig.tools.grunt.GruntParser.processPig(GruntParser.java:1110)
	at org.apache.pig.tools.pigscript.parser.PigScriptParser.parse(PigScriptParser.java:512)
	at org.apache.pig.tools.grunt.GruntParser.parseStopOnError(GruntParser.java:230)
	at org.apache.pig.tools.grunt.GruntParser.parseStopOnError(GruntParser.java:205)
	at org.apache.pig.tools.grunt.Grunt.run(Grunt.java:66)
	at org.apache.pig.Main.run(Main.java:564)
	at org.apache.pig.Main.main(Main.java:175)
	at sun.reflect.NativeMethodAccessorImpl.invoke0(Native Method)
	at sun.reflect.NativeMethodAccessorImpl.invoke(NativeMethodAccessorImpl.java:62)
	at sun.reflect.DelegatingMethodAccessorImpl.invoke(DelegatingMethodAccessorImpl.java:43)
	at java.lang.reflect.Method.invoke(Method.java:498)
	at org.apache.hadoop.util.RunJar.run(RunJar.java:244)
	at org.apache.hadoop.util.RunJar.main(RunJar.java:158)
Caused by: <line 31, column 14> Undefined alias: count
	at org.apache.pig.parser.AstValidator.validateAliasRef(AstValidator.java:278)
	at org.apache.pig.parser.AstValidator.rel(AstValidator.java:6557)
	at org.apache.pig.parser.AstValidator.join_item(AstValidator.java:13418)
	at org.apache.pig.parser.AstValidator.join_sub_clause(AstValidator.java:13318)
	at org.apache.pig.parser.AstValidator.join_clause(AstValidator.java:12993)
	at org.apache.pig.parser.AstValidator.op_clause(AstValidator.java:1823)
	at org.apache.pig.parser.AstValidator.general_statement(AstValidator.java:1035)
	at org.apache.pig.parser.AstValidator.statement(AstValidator.java:499)
	at org.apache.pig.parser.AstValidator.query(AstValidator.java:373)
	at org.apache.pig.parser.QueryParserDriver.validateAst(QueryParserDriver.java:258)
	at org.apache.pig.parser.QueryParserDriver.parse(QueryParserDriver.java:186)
	... 16 more
================================================================================
Pig Stack Trace
---------------
ERROR 2999: Unexpected internal error. null

java.lang.NullPointerException
	at org.apache.pig.tools.grunt.ConsoleReaderInputStream$ConsoleLineInputStream.read(ConsoleReaderInputStream.java:107)
	at java.io.InputStream.read(InputStream.java:170)
	at java.io.SequenceInputStream.read(SequenceInputStream.java:207)
	at sun.nio.cs.StreamDecoder.readBytes(StreamDecoder.java:284)
	at sun.nio.cs.StreamDecoder.implRead(StreamDecoder.java:326)
	at sun.nio.cs.StreamDecoder.read(StreamDecoder.java:178)
	at java.io.InputStreamReader.read(InputStreamReader.java:184)
	at java.io.BufferedReader.fill(BufferedReader.java:161)
	at java.io.BufferedReader.read1(BufferedReader.java:212)
	at java.io.BufferedReader.read(BufferedReader.java:286)
	at org.apache.pig.tools.pigscript.parser.JavaCharStream.FillBuff(JavaCharStream.java:143)
	at org.apache.pig.tools.pigscript.parser.JavaCharStream.ReadByte(JavaCharStream.java:171)
	at org.apache.pig.tools.pigscript.parser.JavaCharStream.readChar(JavaCharStream.java:274)
	at org.apache.pig.tools.pigscript.parser.JavaCharStream.BeginToken(JavaCharStream.java:193)
	at org.apache.pig.tools.pigscript.parser.PigScriptParserTokenManager.getNextToken(PigScriptParserTokenManager.java:3215)
	at org.apache.pig.tools.pigscript.parser.PigScriptParser.jj_ntk(PigScriptParser.java:1511)
	at org.apache.pig.tools.pigscript.parser.PigScriptParser.parse(PigScriptParser.java:117)
	at org.apache.pig.tools.grunt.GruntParser.parseStopOnError(GruntParser.java:230)
	at org.apache.pig.tools.grunt.GruntParser.parseStopOnError(GruntParser.java:205)
	at org.apache.pig.tools.grunt.Grunt.run(Grunt.java:66)
	at org.apache.pig.Main.run(Main.java:564)
	at org.apache.pig.Main.main(Main.java:175)
	at sun.reflect.NativeMethodAccessorImpl.invoke0(Native Method)
	at sun.reflect.NativeMethodAccessorImpl.invoke(NativeMethodAccessorImpl.java:62)
	at sun.reflect.DelegatingMethodAccessorImpl.invoke(DelegatingMethodAccessorImpl.java:43)
	at java.lang.reflect.Method.invoke(Method.java:498)
	at org.apache.hadoop.util.RunJar.run(RunJar.java:244)
	at org.apache.hadoop.util.RunJar.main(RunJar.java:158)
================================================================================
